Using pre-set license
Built from '2020.3/staging' branch; Version is '2020.3.28f1 (f5400f52e03f) revision 16072719'; Using compiler version '192528614'; Build Type 'Release'
OS: 'Windows 10  (10.0.19044) 64bit Core' Language: 'en' Physical Memory: 3818 MB
BatchMode: 1, IsHumanControllingUs: 0, StartBugReporterOnCrash: 0, Is64bit: 1, IsPro: 0

COMMAND LINE ARGUMENTS:
C:\Program Files\Unity\Hub\Editor\2020.3.28f1\Editor\Unity.exe
-adb2
-batchMode
-noUpm
-name
AssetImportWorker1
-projectPath
C:/Users/catst/Desktop/Create with Code/SpaceshipGame/Spaceship
-logFile
Logs/AssetImportWorker1.log
-srvPort
64571
Successfully changed project path to: C:/Users/catst/Desktop/Create with Code/SpaceshipGame/Spaceship
C:/Users/catst/Desktop/Create with Code/SpaceshipGame/Spaceship
Using Asset Import Pipeline V2.
Refreshing native plugins compatible for Editor in 66.27 ms, found 2 plugins.
Preloading 0 native plugins for Editor in 0.00 ms.
Initialize engine version: 2020.3.28f1 (f5400f52e03f)
[Subsystems] Discovering subsystems at path C:/Program Files/Unity/Hub/Editor/2020.3.28f1/Editor/Data/Resources/UnitySubsystems
[Subsystems] Discovering subsystems at path C:/Users/catst/Desktop/Create with Code/SpaceshipGame/Spaceship/Assets
GfxDevice: creating device client; threaded=0
Direct3D:
    Version:  Direct3D 11.0 [level 11.1]
    Renderer: Intel(R) UHD Graphics (ID=0x9a78)
    Vendor:   
    VRAM:     1909 MB
    Driver:   27.20.100.9749
Initialize mono
Mono path[0] = 'C:/Program Files/Unity/Hub/Editor/2020.3.28f1/Editor/Data/Managed'
Mono path[1] = 'C:/Program Files/Unity/Hub/Editor/2020.3.28f1/Editor/Data/MonoBleedingEdge/lib/mono/unityjit'
Mono config path = 'C:/Program Files/Unity/Hub/Editor/2020.3.28f1/Editor/Data/MonoBleedingEdge/etc'
Using monoOptions --debugger-agent=transport=dt_socket,embedding=1,server=y,suspend=n,address=127.0.0.1:56516
Begin MonoManager ReloadAssembly
Registering precompiled unity dll's ...
Register platform support module: C:/Program Files/Unity/Hub/Editor/2020.3.28f1/Editor/Data/PlaybackEngines/WebGLSupport/UnityEditor.WebGL.Extensions.dll
Register platform support module: C:/Program Files/Unity/Hub/Editor/2020.3.28f1/Editor/Data/PlaybackEngines/WindowsStandaloneSupport/UnityEditor.WindowsStandalone.Extensions.dll
Registered in 0.004729 seconds.
Native extension for WindowsStandalone target not found
Native extension for WebGL target not found
Refreshing native plugins compatible for Editor in 63.63 ms, found 2 plugins.
Preloading 0 native plugins for Editor in 0.00 ms.
Mono: successfully reloaded assembly
- Completed reload, in  1.211 seconds
Domain Reload Profiling:
	ReloadAssembly (1211ms)
		BeginReloadAssembly (172ms)
			ExecutionOrderSort (0ms)
			DisableScriptedObjects (0ms)
			BackupInstance (0ms)
			ReleaseScriptingObjects (0ms)
			CreateAndSetChildDomain (2ms)
		EndReloadAssembly (878ms)
			LoadAssemblies (169ms)
			RebuildTransferFunctionScriptingTraits (0ms)
			SetupTypeCache (285ms)
			ReleaseScriptCaches (0ms)
			RebuildScriptCaches (63ms)
			SetupLoadedEditorAssemblies (328ms)
				LogAssemblyErrors (0ms)
				InitializePlatformSupportModulesInManaged (11ms)
				SetLoadedEditorAssemblies (0ms)
				RefreshPlugins (64ms)
				BeforeProcessingInitializeOnLoad (28ms)
				ProcessInitializeOnLoadAttributes (166ms)
				ProcessInitializeOnLoadMethodAttributes (58ms)
				AfterProcessingInitializeOnLoad (0ms)
				EditorAssembliesLoaded (1ms)
			ExecutionOrderSort2 (0ms)
			AwakeInstancesAfterBackupRestoration (0ms)
Platform modules already initialized, skipping
Registering precompiled user dll's ...
Registered in 0.010172 seconds.
Begin MonoManager ReloadAssembly
Native extension for WindowsStandalone target not found
Native extension for WebGL target not found
Refreshing native plugins compatible for Editor in 0.79 ms, found 2 plugins.
Preloading 0 native plugins for Editor in 0.00 ms.
Mono: successfully reloaded assembly
- Completed reload, in  8.220 seconds
Domain Reload Profiling:
	ReloadAssembly (8233ms)
		BeginReloadAssembly (301ms)
			ExecutionOrderSort (0ms)
			DisableScriptedObjects (11ms)
			BackupInstance (0ms)
			ReleaseScriptingObjects (0ms)
			CreateAndSetChildDomain (34ms)
		EndReloadAssembly (7798ms)
			LoadAssemblies (2973ms)
			RebuildTransferFunctionScriptingTraits (0ms)
			SetupTypeCache (2165ms)
			ReleaseScriptCaches (1ms)
			RebuildScriptCaches (77ms)
			SetupLoadedEditorAssemblies (2411ms)
				LogAssemblyErrors (0ms)
				InitializePlatformSupportModulesInManaged (11ms)
				SetLoadedEditorAssemblies (1ms)
				RefreshPlugins (1ms)
				BeforeProcessingInitializeOnLoad (151ms)
				ProcessInitializeOnLoadAttributes (786ms)
				ProcessInitializeOnLoadMethodAttributes (1448ms)
				AfterProcessingInitializeOnLoad (11ms)
				EditorAssembliesLoaded (1ms)
			ExecutionOrderSort2 (0ms)
			AwakeInstancesAfterBackupRestoration (13ms)
Platform modules already initialized, skipping
========================================================================
Worker process is ready to serve import requests
Launched and connected shader compiler UnityShaderCompiler.exe after 0.19 seconds
Refreshing native plugins compatible for Editor in 0.54 ms, found 2 plugins.
Preloading 0 native plugins for Editor in 0.00 ms.
Unloading 1464 Unused Serialized files (Serialized files now loaded: 0)
System memory in use before: 67.2 MB.
System memory in use after: 67.3 MB.

Unloading 18 unused Assets to reduce memory usage. Loaded Objects now: 1901.
Total: 4.681500 ms (FindLiveObjects: 0.177900 ms CreateObjectMapping: 0.062000 ms MarkObjects: 4.302300 ms  DeleteObjects: 0.137100 ms)

AssetImportParameters requested are different than current active one (requested -> active):
  custom:framework-win-MediaFoundation: 216162199b28c13a410421893ffa2e32 -> 
  custom:video-decoder-ogg-theora: a1e56fd34408186e4bbccfd4996cb3dc -> 
  custom:container-muxer-webm: aa71ff27fc2769a1b78a27578f13a17b -> 
  custom:container-demuxer-webm: 4f35f7cbe854078d1ac9338744f61a02 -> 
  custom:container-demuxer-ogg: 62fdf1f143b41e24485cea50d1cbac27 -> 
  custom:video-encoder-webm-vp8: eb34c28f22e8b96e1ab97ce403110664 -> 
  custom:video-codec-MediaFoundation-h265: 746d11721c4dcdbdad8f713fa42b33f4 -> 
  custom:video-decoder-webm-vp8: 9c59270c3fd7afecdb556c50c9e8de78 -> 
  custom:audio-decoder-ogg-vorbis: bf7c407c2cedff20999df2af8eb42d56 -> 
  custom:audio-encoder-webm-vorbis: bf7c407c2cedff20999df2af8eb42d56 -> 
========================================================================
Received Import Request.
  path: Assets/Prefabs/Ground.prefab
  artifactKey: Guid(c1daf1a870853bb4d89990e8cfee0a5f) Importer(815301076,1909f56bfc062723c751e8b465ee728b)
Start importing Assets/Prefabs/Ground.prefab using Guid(c1daf1a870853bb4d89990e8cfee0a5f) Importer(815301076,1909f56bfc062723c751e8b465ee728b)  -> (artifact id: '57e85f103c696e1d76069379c4f841b7') in 0.266462 seconds 
  Import took 0.273521 seconds .

========================================================================
Received Import Request.
  Time since last request: 0.000395 seconds.
  path: Assets/Prefabs/Rocket.prefab
  artifactKey: Guid(e69f4d3bc7b90cb4a91515cb461d01d6) Importer(815301076,1909f56bfc062723c751e8b465ee728b)
Start importing Assets/Prefabs/Rocket.prefab using Guid(e69f4d3bc7b90cb4a91515cb461d01d6) Importer(815301076,1909f56bfc062723c751e8b465ee728b)  -> (artifact id: '5426baeea237b1553d7876c376d3a448') in 0.116932 seconds 
  Import took 0.125334 seconds .

========================================================================
Received Import Request.
  Time since last request: 0.000362 seconds.
  path: Assets/Prefabs/Main Camera.prefab
  artifactKey: Guid(8991fcfcad54d364ca202f05de4efc0d) Importer(815301076,1909f56bfc062723c751e8b465ee728b)
Start importing Assets/Prefabs/Main Camera.prefab using Guid(8991fcfcad54d364ca202f05de4efc0d) Importer(815301076,1909f56bfc062723c751e8b465ee728b)  -> (artifact id: '295304898eaa96d1ac29016c9ed403b0') in 0.029124 seconds 
  Import took 0.033102 seconds .

========================================================================
Received Import Request.
  Time since last request: 0.000328 seconds.
  path: Assets/Scenes/_Scene_1.unity
  artifactKey: Guid(741313f0f9698d14e86f89050befb27b) Importer(815301076,1909f56bfc062723c751e8b465ee728b)
Start importing Assets/Scenes/_Scene_1.unity using Guid(741313f0f9698d14e86f89050befb27b) Importer(815301076,1909f56bfc062723c751e8b465ee728b)  -> (artifact id: 'e0933d82919ddca018c01ed9d2b06230') in 0.016386 seconds 
  Import took 0.020801 seconds .

========================================================================
Received Import Request.
  Time since last request: 11.377942 seconds.
  path: Assets/Scenes/_Scene_0.unity
  artifactKey: Guid(72f2b6ae60239074ab33b543b074dbbe) Importer(815301076,1909f56bfc062723c751e8b465ee728b)
Start importing Assets/Scenes/_Scene_0.unity using Guid(72f2b6ae60239074ab33b543b074dbbe) Importer(815301076,1909f56bfc062723c751e8b465ee728b)  -> (artifact id: 'f07bb4c069cec25ad37f9da5c19cc4c7') in 0.029944 seconds 
  Import took 0.057521 seconds .

========================================================================
Received Import Request.
  Time since last request: 16.990576 seconds.
  path: Assets/Scenes/_Scene_1.unity
  artifactKey: Guid(741313f0f9698d14e86f89050befb27b) Importer(815301076,1909f56bfc062723c751e8b465ee728b)
Start importing Assets/Scenes/_Scene_1.unity using Guid(741313f0f9698d14e86f89050befb27b) Importer(815301076,1909f56bfc062723c751e8b465ee728b)  -> (artifact id: '3ed271b35f26b5cb4d9b65fe96168f31') in 0.013265 seconds 
  Import took 0.037160 seconds .

========================================================================
Received Import Request.
  Time since last request: 5.520527 seconds.
  path: Assets/Scenes/_Scene_0.unity
  artifactKey: Guid(72f2b6ae60239074ab33b543b074dbbe) Importer(815301076,1909f56bfc062723c751e8b465ee728b)
Start importing Assets/Scenes/_Scene_0.unity using Guid(72f2b6ae60239074ab33b543b074dbbe) Importer(815301076,1909f56bfc062723c751e8b465ee728b)  -> (artifact id: '427d51e5542bb28e131046cf80c69519') in 0.014711 seconds 
  Import took 0.023217 seconds .

========================================================================
Received Import Request.
  Time since last request: 30.956604 seconds.
  path: Assets/Scenes/_Scene_0.unity
  artifactKey: Guid(72f2b6ae60239074ab33b543b074dbbe) Importer(815301076,1909f56bfc062723c751e8b465ee728b)
Start importing Assets/Scenes/_Scene_0.unity using Guid(72f2b6ae60239074ab33b543b074dbbe) Importer(815301076,1909f56bfc062723c751e8b465ee728b)  -> (artifact id: 'a7e02f904d2ea9d842df27792daa308c') in 0.009030 seconds 
  Import took 0.014183 seconds .

========================================================================
Received Import Request.
  Time since last request: 5.408577 seconds.
  path: Assets/Scenes/_Scene_1.unity
  artifactKey: Guid(741313f0f9698d14e86f89050befb27b) Importer(815301076,1909f56bfc062723c751e8b465ee728b)
Start importing Assets/Scenes/_Scene_1.unity using Guid(741313f0f9698d14e86f89050befb27b) Importer(815301076,1909f56bfc062723c751e8b465ee728b)  -> (artifact id: '0cf452c99542cae9299cb927c0445bcc') in 0.008837 seconds 
  Import took 0.014929 seconds .

========================================================================
Received Import Request.
  Time since last request: 32.103766 seconds.
  path: Assets/Scenes/_Scene_1.unity
  artifactKey: Guid(741313f0f9698d14e86f89050befb27b) Importer(815301076,1909f56bfc062723c751e8b465ee728b)
Start importing Assets/Scenes/_Scene_1.unity using Guid(741313f0f9698d14e86f89050befb27b) Importer(815301076,1909f56bfc062723c751e8b465ee728b)  -> (artifact id: '240f5dd36c0e4d31abe2acd5623396ca') in 0.018575 seconds 
  Import took 0.027983 seconds .

========================================================================
Received Import Request.
  Time since last request: 42.302287 seconds.
  path: Assets/Scenes/_Scene_1.unity
  artifactKey: Guid(741313f0f9698d14e86f89050befb27b) Importer(815301076,1909f56bfc062723c751e8b465ee728b)
Start importing Assets/Scenes/_Scene_1.unity using Guid(741313f0f9698d14e86f89050befb27b) Importer(815301076,1909f56bfc062723c751e8b465ee728b)  -> (artifact id: '86d7c8eabf7b3d45786aa942f61ec610') in 0.006165 seconds 
  Import took 0.012446 seconds .

========================================================================
Received Prepare
Registering precompiled user dll's ...
Registered in 0.018404 seconds.
Begin MonoManager ReloadAssembly
Native extension for WindowsStandalone target not found
Native extension for WebGL target not found
Refreshing native plugins compatible for Editor in 0.66 ms, found 2 plugins.
Preloading 0 native plugins for Editor in 0.00 ms.
Mono: successfully reloaded assembly
- Completed reload, in  2.346 seconds
Domain Reload Profiling:
	ReloadAssembly (2353ms)
		BeginReloadAssembly (562ms)
			ExecutionOrderSort (0ms)
			DisableScriptedObjects (41ms)
			BackupInstance (0ms)
			ReleaseScriptingObjects (0ms)
			CreateAndSetChildDomain (251ms)
		EndReloadAssembly (1656ms)
			LoadAssemblies (285ms)
			RebuildTransferFunctionScriptingTraits (1ms)
			SetupTypeCache (573ms)
			ReleaseScriptCaches (1ms)
			RebuildScriptCaches (132ms)
			SetupLoadedEditorAssemblies (541ms)
				LogAssemblyErrors (0ms)
				InitializePlatformSupportModulesInManaged (14ms)
				SetLoadedEditorAssemblies (2ms)
				RefreshPlugins (1ms)
				BeforeProcessingInitializeOnLoad (135ms)
				ProcessInitializeOnLoadAttributes (358ms)
				ProcessInitializeOnLoadMethodAttributes (19ms)
				AfterProcessingInitializeOnLoad (12ms)
				EditorAssembliesLoaded (1ms)
			ExecutionOrderSort2 (0ms)
			AwakeInstancesAfterBackupRestoration (13ms)
Platform modules already initialized, skipping
Refreshing native plugins compatible for Editor in 0.53 ms, found 2 plugins.
Preloading 0 native plugins for Editor in 0.00 ms.
Unloading 1458 Unused Serialized files (Serialized files now loaded: 0)
System memory in use before: 70.3 MB.
System memory in use after: 70.4 MB.

Unloading 13 unused Assets to reduce memory usage. Loaded Objects now: 1913.
Total: 6.426000 ms (FindLiveObjects: 0.229600 ms CreateObjectMapping: 0.084000 ms MarkObjects: 6.024100 ms  DeleteObjects: 0.086000 ms)

AssetImportParameters requested are different than current active one (requested -> active):
  custom:framework-win-MediaFoundation: 216162199b28c13a410421893ffa2e32 -> 
  custom:video-decoder-ogg-theora: a1e56fd34408186e4bbccfd4996cb3dc -> 
  custom:container-muxer-webm: aa71ff27fc2769a1b78a27578f13a17b -> 
  custom:container-demuxer-webm: 4f35f7cbe854078d1ac9338744f61a02 -> 
  custom:container-demuxer-ogg: 62fdf1f143b41e24485cea50d1cbac27 -> 
  custom:video-encoder-webm-vp8: eb34c28f22e8b96e1ab97ce403110664 -> 
  custom:video-codec-MediaFoundation-h265: 746d11721c4dcdbdad8f713fa42b33f4 -> 
  custom:video-decoder-webm-vp8: 9c59270c3fd7afecdb556c50c9e8de78 -> 
  custom:audio-decoder-ogg-vorbis: bf7c407c2cedff20999df2af8eb42d56 -> 
  custom:audio-encoder-webm-vorbis: bf7c407c2cedff20999df2af8eb42d56 -> 
========================================================================
Received Import Request.
  Time since last request: 76.431970 seconds.
  path: Assets/Scenes/_Scene_1.unity
  artifactKey: Guid(741313f0f9698d14e86f89050befb27b) Importer(815301076,1909f56bfc062723c751e8b465ee728b)
Start importing Assets/Scenes/_Scene_1.unity using Guid(741313f0f9698d14e86f89050befb27b) Importer(815301076,1909f56bfc062723c751e8b465ee728b)  -> (artifact id: 'dde761563a536bfd58194d8d54e0b522') in 0.031724 seconds 
  Import took 0.041220 seconds .

========================================================================
Received Prepare
Registering precompiled user dll's ...
Registered in 0.017145 seconds.
Begin MonoManager ReloadAssembly
Native extension for WindowsStandalone target not found
Native extension for WebGL target not found
Refreshing native plugins compatible for Editor in 1.02 ms, found 2 plugins.
Preloading 0 native plugins for Editor in 0.00 ms.
Mono: successfully reloaded assembly
- Completed reload, in  2.199 seconds
Domain Reload Profiling:
	ReloadAssembly (2205ms)
		BeginReloadAssembly (530ms)
			ExecutionOrderSort (0ms)
			DisableScriptedObjects (30ms)
			BackupInstance (0ms)
			ReleaseScriptingObjects (0ms)
			CreateAndSetChildDomain (216ms)
		EndReloadAssembly (1547ms)
			LoadAssemblies (333ms)
			RebuildTransferFunctionScriptingTraits (0ms)
			SetupTypeCache (535ms)
			ReleaseScriptCaches (2ms)
			RebuildScriptCaches (71ms)
			SetupLoadedEditorAssemblies (557ms)
				LogAssemblyErrors (0ms)
				InitializePlatformSupportModulesInManaged (12ms)
				SetLoadedEditorAssemblies (2ms)
				RefreshPlugins (1ms)
				BeforeProcessingInitializeOnLoad (141ms)
				ProcessInitializeOnLoadAttributes (371ms)
				ProcessInitializeOnLoadMethodAttributes (19ms)
				AfterProcessingInitializeOnLoad (10ms)
				EditorAssembliesLoaded (1ms)
			ExecutionOrderSort2 (0ms)
			AwakeInstancesAfterBackupRestoration (14ms)
Platform modules already initialized, skipping
Refreshing native plugins compatible for Editor in 0.37 ms, found 2 plugins.
Preloading 0 native plugins for Editor in 0.00 ms.
Unloading 1458 Unused Serialized files (Serialized files now loaded: 0)
System memory in use before: 70.4 MB.
System memory in use after: 70.5 MB.

Unloading 13 unused Assets to reduce memory usage. Loaded Objects now: 1915.
Total: 4.915500 ms (FindLiveObjects: 0.195800 ms CreateObjectMapping: 0.060900 ms MarkObjects: 4.596000 ms  DeleteObjects: 0.060900 ms)

AssetImportParameters requested are different than current active one (requested -> active):
  custom:framework-win-MediaFoundation: 216162199b28c13a410421893ffa2e32 -> 
  custom:video-decoder-ogg-theora: a1e56fd34408186e4bbccfd4996cb3dc -> 
  custom:container-muxer-webm: aa71ff27fc2769a1b78a27578f13a17b -> 
  custom:container-demuxer-webm: 4f35f7cbe854078d1ac9338744f61a02 -> 
  custom:container-demuxer-ogg: 62fdf1f143b41e24485cea50d1cbac27 -> 
  custom:video-encoder-webm-vp8: eb34c28f22e8b96e1ab97ce403110664 -> 
  custom:video-codec-MediaFoundation-h265: 746d11721c4dcdbdad8f713fa42b33f4 -> 
  custom:video-decoder-webm-vp8: 9c59270c3fd7afecdb556c50c9e8de78 -> 
  custom:audio-decoder-ogg-vorbis: bf7c407c2cedff20999df2af8eb42d56 -> 
  custom:audio-encoder-webm-vorbis: bf7c407c2cedff20999df2af8eb42d56 -> 
========================================================================
Received Prepare
Registering precompiled user dll's ...
Registered in 0.008678 seconds.
Begin MonoManager ReloadAssembly
Native extension for WindowsStandalone target not found
Native extension for WebGL target not found
Refreshing native plugins compatible for Editor in 0.63 ms, found 2 plugins.
Preloading 0 native plugins for Editor in 0.00 ms.
Mono: successfully reloaded assembly
- Completed reload, in  1.956 seconds
Domain Reload Profiling:
	ReloadAssembly (1961ms)
		BeginReloadAssembly (321ms)
			ExecutionOrderSort (0ms)
			DisableScriptedObjects (62ms)
			BackupInstance (0ms)
			ReleaseScriptingObjects (0ms)
			CreateAndSetChildDomain (105ms)
		EndReloadAssembly (1511ms)
			LoadAssemblies (185ms)
			RebuildTransferFunctionScriptingTraits (0ms)
			SetupTypeCache (516ms)
			ReleaseScriptCaches (1ms)
			RebuildScriptCaches (76ms)
			SetupLoadedEditorAssemblies (568ms)
				LogAssemblyErrors (0ms)
				InitializePlatformSupportModulesInManaged (10ms)
				SetLoadedEditorAssemblies (1ms)
				RefreshPlugins (1ms)
				BeforeProcessingInitializeOnLoad (158ms)
				ProcessInitializeOnLoadAttributes (367ms)
				ProcessInitializeOnLoadMethodAttributes (20ms)
				AfterProcessingInitializeOnLoad (12ms)
				EditorAssembliesLoaded (0ms)
			ExecutionOrderSort2 (0ms)
			AwakeInstancesAfterBackupRestoration (13ms)
Platform modules already initialized, skipping
Refreshing native plugins compatible for Editor in 0.83 ms, found 2 plugins.
Preloading 0 native plugins for Editor in 0.00 ms.
Unloading 1458 Unused Serialized files (Serialized files now loaded: 0)
System memory in use before: 70.4 MB.
System memory in use after: 70.5 MB.

Unloading 13 unused Assets to reduce memory usage. Loaded Objects now: 1917.
Total: 5.327000 ms (FindLiveObjects: 0.180600 ms CreateObjectMapping: 0.073900 ms MarkObjects: 5.035500 ms  DeleteObjects: 0.035400 ms)

AssetImportParameters requested are different than current active one (requested -> active):
  custom:framework-win-MediaFoundation: 216162199b28c13a410421893ffa2e32 -> 
  custom:video-decoder-ogg-theora: a1e56fd34408186e4bbccfd4996cb3dc -> 
  custom:container-muxer-webm: aa71ff27fc2769a1b78a27578f13a17b -> 
  custom:container-demuxer-webm: 4f35f7cbe854078d1ac9338744f61a02 -> 
  custom:container-demuxer-ogg: 62fdf1f143b41e24485cea50d1cbac27 -> 
  custom:video-encoder-webm-vp8: eb34c28f22e8b96e1ab97ce403110664 -> 
  custom:video-codec-MediaFoundation-h265: 746d11721c4dcdbdad8f713fa42b33f4 -> 
  custom:video-decoder-webm-vp8: 9c59270c3fd7afecdb556c50c9e8de78 -> 
  custom:audio-decoder-ogg-vorbis: bf7c407c2cedff20999df2af8eb42d56 -> 
  custom:audio-encoder-webm-vorbis: bf7c407c2cedff20999df2af8eb42d56 -> 
========================================================================
Received Import Request.
  Time since last request: 181.157927 seconds.
  path: Assets/Scenes/_Scene_0.unity
  artifactKey: Guid(72f2b6ae60239074ab33b543b074dbbe) Importer(815301076,1909f56bfc062723c751e8b465ee728b)
Start importing Assets/Scenes/_Scene_0.unity using Guid(72f2b6ae60239074ab33b543b074dbbe) Importer(815301076,1909f56bfc062723c751e8b465ee728b)  -> (artifact id: '08bc20ba5f3146ec791da4451f266a2b') in 0.042356 seconds 
  Import took 0.049517 seconds .

========================================================================
Received Import Request.
  Time since last request: 4.555797 seconds.
  path: Assets/Scenes/_Scene_1.unity
  artifactKey: Guid(741313f0f9698d14e86f89050befb27b) Importer(815301076,1909f56bfc062723c751e8b465ee728b)
Start importing Assets/Scenes/_Scene_1.unity using Guid(741313f0f9698d14e86f89050befb27b) Importer(815301076,1909f56bfc062723c751e8b465ee728b)  -> (artifact id: '2195a3e7a3a6725d9362503e8ae459f9') in 0.011927 seconds 
  Import took 0.016971 seconds .

========================================================================
Received Import Request.
  Time since last request: 57.695904 seconds.
  path: Assets/Materials/Flank_Mat.mat
  artifactKey: Guid(278ee9744a7fd8540a1649c212639bbe) Importer(815301076,1909f56bfc062723c751e8b465ee728b)
Start importing Assets/Materials/Flank_Mat.mat using Guid(278ee9744a7fd8540a1649c212639bbe) Importer(815301076,1909f56bfc062723c751e8b465ee728b)  -> (artifact id: 'b8db9708cdbb68d55ec62830df6c2be0') in 0.328467 seconds 
  Import took 0.406181 seconds .

========================================================================
Received Import Request.
  Time since last request: 0.000293 seconds.
  path: Assets/Materials/Rocket_Mat.mat
  artifactKey: Guid(135576d945340d04c936e04e5cf0d0f1) Importer(815301076,1909f56bfc062723c751e8b465ee728b)
Start importing Assets/Materials/Rocket_Mat.mat using Guid(135576d945340d04c936e04e5cf0d0f1) Importer(815301076,1909f56bfc062723c751e8b465ee728b)  -> (artifact id: '0431f762ce221a86db38cf01190b517f') in 0.046840 seconds 
  Import took 0.052209 seconds .

========================================================================
Received Import Request.
  Time since last request: 0.000263 seconds.
  path: Assets/Materials/Launch_Mat.mat
  artifactKey: Guid(b904b150847921047a036cf2b31ec196) Importer(815301076,1909f56bfc062723c751e8b465ee728b)
Start importing Assets/Materials/Launch_Mat.mat using Guid(b904b150847921047a036cf2b31ec196) Importer(815301076,1909f56bfc062723c751e8b465ee728b)  -> (artifact id: '06903eea033b0a69572220c881f74b21') in 0.034756 seconds 
  Import took 0.040435 seconds .

========================================================================
Received Import Request.
  Time since last request: 12.461075 seconds.
  path: Assets/Materials/New Material.mat
  artifactKey: Guid(1c34b743bbacf7442a12e55f53e62d94) Importer(815301076,1909f56bfc062723c751e8b465ee728b)
Start importing Assets/Materials/New Material.mat using Guid(1c34b743bbacf7442a12e55f53e62d94) Importer(815301076,1909f56bfc062723c751e8b465ee728b)  -> (artifact id: 'd2f513974efb044133d9f79b48a3ac91') in 0.050972 seconds 
  Import took 0.058927 seconds .

========================================================================
Received Import Request.
  Time since last request: 10.048628 seconds.
  path: Assets/Materials/SkyBox.mat
  artifactKey: Guid(1c34b743bbacf7442a12e55f53e62d94) Importer(815301076,1909f56bfc062723c751e8b465ee728b)
Start importing Assets/Materials/SkyBox.mat using Guid(1c34b743bbacf7442a12e55f53e62d94) Importer(815301076,1909f56bfc062723c751e8b465ee728b)  -> (artifact id: 'a171efcb59bf6c36a1433ed638bfbe88') in 0.031843 seconds 
  Import took 0.038370 seconds .

========================================================================
Received Prepare
Registering precompiled user dll's ...
Registered in 0.010766 seconds.
Begin MonoManager ReloadAssembly
Native extension for WindowsStandalone target not found
Native extension for WebGL target not found
Refreshing native plugins compatible for Editor in 0.82 ms, found 2 plugins.
Preloading 0 native plugins for Editor in 0.00 ms.
Mono: successfully reloaded assembly
- Completed reload, in  2.627 seconds
Domain Reload Profiling:
	ReloadAssembly (2650ms)
		BeginReloadAssembly (942ms)
			ExecutionOrderSort (0ms)
			DisableScriptedObjects (85ms)
			BackupInstance (0ms)
			ReleaseScriptingObjects (0ms)
			CreateAndSetChildDomain (495ms)
		EndReloadAssembly (1551ms)
			LoadAssemblies (277ms)
			RebuildTransferFunctionScriptingTraits (1ms)
			SetupTypeCache (514ms)
			ReleaseScriptCaches (2ms)
			RebuildScriptCaches (77ms)
			SetupLoadedEditorAssemblies (575ms)
				LogAssemblyErrors (0ms)
				InitializePlatformSupportModulesInManaged (15ms)
				SetLoadedEditorAssemblies (3ms)
				RefreshPlugins (1ms)
				BeforeProcessingInitializeOnLoad (157ms)
				ProcessInitializeOnLoadAttributes (372ms)
				ProcessInitializeOnLoadMethodAttributes (17ms)
				AfterProcessingInitializeOnLoad (10ms)
				EditorAssembliesLoaded (1ms)
			ExecutionOrderSort2 (0ms)
			AwakeInstancesAfterBackupRestoration (16ms)
Platform modules already initialized, skipping
Refreshing native plugins compatible for Editor in 0.38 ms, found 2 plugins.
Preloading 0 native plugins for Editor in 0.00 ms.
Unloading 1458 Unused Serialized files (Serialized files now loaded: 0)
System memory in use before: 70.6 MB.
System memory in use after: 70.7 MB.

Unloading 13 unused Assets to reduce memory usage. Loaded Objects now: 1953.
Total: 5.275800 ms (FindLiveObjects: 0.293200 ms CreateObjectMapping: 0.123000 ms MarkObjects: 4.827000 ms  DeleteObjects: 0.030400 ms)

AssetImportParameters requested are different than current active one (requested -> active):
  custom:framework-win-MediaFoundation: 216162199b28c13a410421893ffa2e32 -> 
  custom:video-decoder-ogg-theora: a1e56fd34408186e4bbccfd4996cb3dc -> 
  custom:container-muxer-webm: aa71ff27fc2769a1b78a27578f13a17b -> 
  custom:container-demuxer-webm: 4f35f7cbe854078d1ac9338744f61a02 -> 
  custom:container-demuxer-ogg: 62fdf1f143b41e24485cea50d1cbac27 -> 
  custom:video-encoder-webm-vp8: eb34c28f22e8b96e1ab97ce403110664 -> 
  custom:video-codec-MediaFoundation-h265: 746d11721c4dcdbdad8f713fa42b33f4 -> 
  custom:video-decoder-webm-vp8: 9c59270c3fd7afecdb556c50c9e8de78 -> 
  custom:audio-decoder-ogg-vorbis: bf7c407c2cedff20999df2af8eb42d56 -> 
  custom:audio-encoder-webm-vorbis: bf7c407c2cedff20999df2af8eb42d56 -> 
========================================================================
Received Import Request.
  Time since last request: 537.581294 seconds.
  path: Assets/Scenes/_Scene_0/LightingData.asset
  artifactKey: Guid(8687238baf90dd640b6513b59d246f5d) Importer(815301076,1909f56bfc062723c751e8b465ee728b)
Start importing Assets/Scenes/_Scene_0/LightingData.asset using Guid(8687238baf90dd640b6513b59d246f5d) Importer(815301076,1909f56bfc062723c751e8b465ee728b)  -> (artifact id: '23f70b497e828b8d43d88ca9c0d565de') in 0.719617 seconds 
  Import took 0.974337 seconds .

========================================================================
Received Import Request.
  Time since last request: 0.000361 seconds.
  path: Assets/Scenes/_Scene_0/ReflectionProbe-0.exr
  artifactKey: Guid(dc03073fb45d1b54ebfd58445b6769ed) Importer(815301076,1909f56bfc062723c751e8b465ee728b)
Start importing Assets/Scenes/_Scene_0/ReflectionProbe-0.exr using Guid(dc03073fb45d1b54ebfd58445b6769ed) Importer(815301076,1909f56bfc062723c751e8b465ee728b)  -> (artifact id: 'd23b77347a60bc9b75f33cd7f686548d') in 0.486491 seconds 
  Import took 0.496448 seconds .

========================================================================
Received Prepare
Registering precompiled user dll's ...
Registered in 0.013355 seconds.
Begin MonoManager ReloadAssembly
Native extension for WindowsStandalone target not found
Native extension for WebGL target not found
Refreshing native plugins compatible for Editor in 0.83 ms, found 2 plugins.
Preloading 0 native plugins for Editor in 0.00 ms.
Mono: successfully reloaded assembly
- Completed reload, in  6.330 seconds
Domain Reload Profiling:
	ReloadAssembly (6332ms)
		BeginReloadAssembly (579ms)
			ExecutionOrderSort (0ms)
			DisableScriptedObjects (36ms)
			BackupInstance (0ms)
			ReleaseScriptingObjects (0ms)
			CreateAndSetChildDomain (234ms)
		EndReloadAssembly (5621ms)
			LoadAssemblies (325ms)
			RebuildTransferFunctionScriptingTraits (0ms)
			SetupTypeCache (4521ms)
			ReleaseScriptCaches (2ms)
			RebuildScriptCaches (80ms)
			SetupLoadedEditorAssemblies (604ms)
				LogAssemblyErrors (0ms)
				InitializePlatformSupportModulesInManaged (13ms)
				SetLoadedEditorAssemblies (2ms)
				RefreshPlugins (1ms)
				BeforeProcessingInitializeOnLoad (158ms)
				ProcessInitializeOnLoadAttributes (396ms)
				ProcessInitializeOnLoadMethodAttributes (23ms)
				AfterProcessingInitializeOnLoad (11ms)
				EditorAssembliesLoaded (1ms)
			ExecutionOrderSort2 (0ms)
			AwakeInstancesAfterBackupRestoration (15ms)
Platform modules already initialized, skipping
Refreshing native plugins compatible for Editor in 0.78 ms, found 2 plugins.
Preloading 0 native plugins for Editor in 0.00 ms.
Unloading 1458 Unused Serialized files (Serialized files now loaded: 0)
System memory in use before: 70.7 MB.
System memory in use after: 70.8 MB.

Unloading 13 unused Assets to reduce memory usage. Loaded Objects now: 1958.
Total: 5.549000 ms (FindLiveObjects: 0.292100 ms CreateObjectMapping: 0.076200 ms MarkObjects: 4.871100 ms  DeleteObjects: 0.306600 ms)

AssetImportParameters requested are different than current active one (requested -> active):
  custom:framework-win-MediaFoundation: 216162199b28c13a410421893ffa2e32 -> 
  custom:video-decoder-ogg-theora: a1e56fd34408186e4bbccfd4996cb3dc -> 
  custom:container-muxer-webm: aa71ff27fc2769a1b78a27578f13a17b -> 
  custom:container-demuxer-webm: 4f35f7cbe854078d1ac9338744f61a02 -> 
  custom:container-demuxer-ogg: 62fdf1f143b41e24485cea50d1cbac27 -> 
  custom:video-encoder-webm-vp8: eb34c28f22e8b96e1ab97ce403110664 -> 
  custom:video-codec-MediaFoundation-h265: 746d11721c4dcdbdad8f713fa42b33f4 -> 
  custom:video-decoder-webm-vp8: 9c59270c3fd7afecdb556c50c9e8de78 -> 
  custom:audio-decoder-ogg-vorbis: bf7c407c2cedff20999df2af8eb42d56 -> 
  custom:audio-encoder-webm-vorbis: bf7c407c2cedff20999df2af8eb42d56 -> 
========================================================================
Received Import Request.
  Time since last request: 79.842389 seconds.
  path: Assets/Scenes/_Scene_0/Materials/ReflectionProbe-0.mat
  artifactKey: Guid(7eb2e7f346baf3f4e9651be1c0970455) Importer(815301076,1909f56bfc062723c751e8b465ee728b)
Start importing Assets/Scenes/_Scene_0/Materials/ReflectionProbe-0.mat using Guid(7eb2e7f346baf3f4e9651be1c0970455) Importer(815301076,1909f56bfc062723c751e8b465ee728b)  -> (artifact id: '373e55960a73c047b2e84afbe153db03') in 0.149916 seconds 
  Import took 0.156460 seconds .

========================================================================
Received Prepare
Registering precompiled user dll's ...
Registered in 0.012012 seconds.
Begin MonoManager ReloadAssembly
Native extension for WindowsStandalone target not found
Native extension for WebGL target not found
Refreshing native plugins compatible for Editor in 0.70 ms, found 2 plugins.
Preloading 0 native plugins for Editor in 0.00 ms.
Mono: successfully reloaded assembly
- Completed reload, in  2.318 seconds
Domain Reload Profiling:
	ReloadAssembly (2319ms)
		BeginReloadAssembly (337ms)
			ExecutionOrderSort (0ms)
			DisableScriptedObjects (11ms)
			BackupInstance (0ms)
			ReleaseScriptingObjects (0ms)
			CreateAndSetChildDomain (114ms)
		EndReloadAssembly (1860ms)
			LoadAssemblies (252ms)
			RebuildTransferFunctionScriptingTraits (0ms)
			SetupTypeCache (574ms)
			ReleaseScriptCaches (2ms)
			RebuildScriptCaches (71ms)
			SetupLoadedEditorAssemblies (545ms)
				LogAssemblyErrors (0ms)
				InitializePlatformSupportModulesInManaged (11ms)
				SetLoadedEditorAssemblies (1ms)
				RefreshPlugins (1ms)
				BeforeProcessingInitializeOnLoad (134ms)
				ProcessInitializeOnLoadAttributes (375ms)
				ProcessInitializeOnLoadMethodAttributes (15ms)
				AfterProcessingInitializeOnLoad (8ms)
				EditorAssembliesLoaded (0ms)
			ExecutionOrderSort2 (0ms)
			AwakeInstancesAfterBackupRestoration (297ms)
Platform modules already initialized, skipping
Refreshing native plugins compatible for Editor in 0.50 ms, found 2 plugins.
Preloading 0 native plugins for Editor in 0.00 ms.
Unloading 1458 Unused Serialized files (Serialized files now loaded: 0)
System memory in use before: 70.7 MB.
System memory in use after: 70.9 MB.

Unloading 13 unused Assets to reduce memory usage. Loaded Objects now: 1962.
Total: 4.899900 ms (FindLiveObjects: 0.158800 ms CreateObjectMapping: 0.053800 ms MarkObjects: 4.659500 ms  DeleteObjects: 0.026200 ms)

AssetImportParameters requested are different than current active one (requested -> active):
  custom:framework-win-MediaFoundation: 216162199b28c13a410421893ffa2e32 -> 
  custom:video-decoder-ogg-theora: a1e56fd34408186e4bbccfd4996cb3dc -> 
  custom:container-muxer-webm: aa71ff27fc2769a1b78a27578f13a17b -> 
  custom:container-demuxer-webm: 4f35f7cbe854078d1ac9338744f61a02 -> 
  custom:container-demuxer-ogg: 62fdf1f143b41e24485cea50d1cbac27 -> 
  custom:video-encoder-webm-vp8: eb34c28f22e8b96e1ab97ce403110664 -> 
  custom:video-codec-MediaFoundation-h265: 746d11721c4dcdbdad8f713fa42b33f4 -> 
  custom:video-decoder-webm-vp8: 9c59270c3fd7afecdb556c50c9e8de78 -> 
  custom:audio-decoder-ogg-vorbis: bf7c407c2cedff20999df2af8eb42d56 -> 
  custom:audio-encoder-webm-vorbis: bf7c407c2cedff20999df2af8eb42d56 -> 
========================================================================
Received Prepare
Registering precompiled user dll's ...
Registered in 0.013647 seconds.
Begin MonoManager ReloadAssembly
Native extension for WindowsStandalone target not found
Native extension for WebGL target not found
Refreshing native plugins compatible for Editor in 0.53 ms, found 2 plugins.
Preloading 0 native plugins for Editor in 0.00 ms.
Mono: successfully reloaded assembly
- Completed reload, in  2.012 seconds
Domain Reload Profiling:
	ReloadAssembly (2014ms)
		BeginReloadAssembly (315ms)
			ExecutionOrderSort (0ms)
			DisableScriptedObjects (12ms)
			BackupInstance (0ms)
			ReleaseScriptingObjects (1ms)
			CreateAndSetChildDomain (69ms)
		EndReloadAssembly (1579ms)
			LoadAssemblies (307ms)
			RebuildTransferFunctionScriptingTraits (0ms)
			SetupTypeCache (539ms)
			ReleaseScriptCaches (1ms)
			RebuildScriptCaches (74ms)
			SetupLoadedEditorAssemblies (567ms)
				LogAssemblyErrors (0ms)
				InitializePlatformSupportModulesInManaged (12ms)
				SetLoadedEditorAssemblies (2ms)
				RefreshPlugins (1ms)
				BeforeProcessingInitializeOnLoad (149ms)
				ProcessInitializeOnLoadAttributes (371ms)
				ProcessInitializeOnLoadMethodAttributes (21ms)
				AfterProcessingInitializeOnLoad (11ms)
				EditorAssembliesLoaded (1ms)
			ExecutionOrderSort2 (0ms)
			AwakeInstancesAfterBackupRestoration (14ms)
Platform modules already initialized, skipping
Refreshing native plugins compatible for Editor in 0.62 ms, found 2 plugins.
Preloading 0 native plugins for Editor in 0.00 ms.
Unloading 1458 Unused Serialized files (Serialized files now loaded: 0)
System memory in use before: 70.8 MB.
System memory in use after: 70.9 MB.

Unloading 13 unused Assets to reduce memory usage. Loaded Objects now: 1964.
Total: 2.900400 ms (FindLiveObjects: 0.134800 ms CreateObjectMapping: 0.032600 ms MarkObjects: 2.429200 ms  DeleteObjects: 0.302700 ms)

AssetImportParameters requested are different than current active one (requested -> active):
  custom:framework-win-MediaFoundation: 216162199b28c13a410421893ffa2e32 -> 
  custom:video-decoder-ogg-theora: a1e56fd34408186e4bbccfd4996cb3dc -> 
  custom:container-muxer-webm: aa71ff27fc2769a1b78a27578f13a17b -> 
  custom:container-demuxer-webm: 4f35f7cbe854078d1ac9338744f61a02 -> 
  custom:container-demuxer-ogg: 62fdf1f143b41e24485cea50d1cbac27 -> 
  custom:video-encoder-webm-vp8: eb34c28f22e8b96e1ab97ce403110664 -> 
  custom:video-codec-MediaFoundation-h265: 746d11721c4dcdbdad8f713fa42b33f4 -> 
  custom:video-decoder-webm-vp8: 9c59270c3fd7afecdb556c50c9e8de78 -> 
  custom:audio-decoder-ogg-vorbis: bf7c407c2cedff20999df2af8eb42d56 -> 
  custom:audio-encoder-webm-vorbis: bf7c407c2cedff20999df2af8eb42d56 -> 
========================================================================
Received Import Request.
  Time since last request: 159.726848 seconds.
  path: Assets/Scenes/_Scene_1.unity
  artifactKey: Guid(741313f0f9698d14e86f89050befb27b) Importer(815301076,1909f56bfc062723c751e8b465ee728b)
Start importing Assets/Scenes/_Scene_1.unity using Guid(741313f0f9698d14e86f89050befb27b) Importer(815301076,1909f56bfc062723c751e8b465ee728b)  -> (artifact id: '9ee0b1ed50fc7935408da284e803111f') in 0.035713 seconds 
  Import took 0.042030 seconds .

========================================================================
Received Import Request.
  Time since last request: 15.568046 seconds.
  path: Assets/Scenes/_Scene_0.unity
  artifactKey: Guid(72f2b6ae60239074ab33b543b074dbbe) Importer(815301076,1909f56bfc062723c751e8b465ee728b)
Start importing Assets/Scenes/_Scene_0.unity using Guid(72f2b6ae60239074ab33b543b074dbbe) Importer(815301076,1909f56bfc062723c751e8b465ee728b)  -> (artifact id: '04fc5a630be3e7f239d5ed117dcc2c39') in 0.011788 seconds 
  Import took 0.017935 seconds .

========================================================================
Received Import Request.
  Time since last request: 114.186264 seconds.
  path: Assets/Materials/SkyBox.mat
  artifactKey: Guid(1c34b743bbacf7442a12e55f53e62d94) Importer(815301076,1909f56bfc062723c751e8b465ee728b)
Start importing Assets/Materials/SkyBox.mat using Guid(1c34b743bbacf7442a12e55f53e62d94) Importer(815301076,1909f56bfc062723c751e8b465ee728b)  -> (artifact id: 'bb5c37e17ca28bc979e1d6560c801bdd') in 0.628100 seconds 
  Import took 0.634864 seconds .

========================================================================
Received Prepare
Registering precompiled user dll's ...
Registered in 0.015075 seconds.
Begin MonoManager ReloadAssembly
Native extension for WindowsStandalone target not found
Native extension for WebGL target not found
Refreshing native plugins compatible for Editor in 0.92 ms, found 2 plugins.
Preloading 0 native plugins for Editor in 0.00 ms.
Mono: successfully reloaded assembly
- Completed reload, in  3.083 seconds
Domain Reload Profiling:
	ReloadAssembly (3092ms)
		BeginReloadAssembly (1101ms)
			ExecutionOrderSort (0ms)
			DisableScriptedObjects (151ms)
			BackupInstance (0ms)
			ReleaseScriptingObjects (2ms)
			CreateAndSetChildDomain (495ms)
		EndReloadAssembly (1823ms)
			LoadAssemblies (441ms)
			RebuildTransferFunctionScriptingTraits (0ms)
			SetupTypeCache (648ms)
			ReleaseScriptCaches (2ms)
			RebuildScriptCaches (79ms)
			SetupLoadedEditorAssemblies (619ms)
				LogAssemblyErrors (0ms)
				InitializePlatformSupportModulesInManaged (13ms)
				SetLoadedEditorAssemblies (3ms)
				RefreshPlugins (1ms)
				BeforeProcessingInitializeOnLoad (154ms)
				ProcessInitializeOnLoadAttributes (397ms)
				ProcessInitializeOnLoadMethodAttributes (32ms)
				AfterProcessingInitializeOnLoad (19ms)
				EditorAssembliesLoaded (1ms)
			ExecutionOrderSort2 (0ms)
			AwakeInstancesAfterBackupRestoration (28ms)
Platform modules already initialized, skipping
Refreshing native plugins compatible for Editor in 0.74 ms, found 2 plugins.
Preloading 0 native plugins for Editor in 0.00 ms.
Unloading 1458 Unused Serialized files (Serialized files now loaded: 0)
System memory in use before: 70.8 MB.
System memory in use after: 70.9 MB.

Unloading 13 unused Assets to reduce memory usage. Loaded Objects now: 1967.
Total: 4.114400 ms (FindLiveObjects: 0.188100 ms CreateObjectMapping: 0.053100 ms MarkObjects: 3.814900 ms  DeleteObjects: 0.056200 ms)

AssetImportParameters requested are different than current active one (requested -> active):
  custom:framework-win-MediaFoundation: 216162199b28c13a410421893ffa2e32 -> 
  custom:video-decoder-ogg-theora: a1e56fd34408186e4bbccfd4996cb3dc -> 
  custom:container-muxer-webm: aa71ff27fc2769a1b78a27578f13a17b -> 
  custom:container-demuxer-webm: 4f35f7cbe854078d1ac9338744f61a02 -> 
  custom:container-demuxer-ogg: 62fdf1f143b41e24485cea50d1cbac27 -> 
  custom:video-encoder-webm-vp8: eb34c28f22e8b96e1ab97ce403110664 -> 
  custom:video-codec-MediaFoundation-h265: 746d11721c4dcdbdad8f713fa42b33f4 -> 
  custom:video-decoder-webm-vp8: 9c59270c3fd7afecdb556c50c9e8de78 -> 
  custom:audio-decoder-ogg-vorbis: bf7c407c2cedff20999df2af8eb42d56 -> 
  custom:audio-encoder-webm-vorbis: bf7c407c2cedff20999df2af8eb42d56 -> 
========================================================================
Received Import Request.
  Time since last request: 311.389356 seconds.
  path: Assets/Prefabs/LandingPad.prefab
  artifactKey: Guid(e595de7c0f805634fb5bf983cc3c89e8) Importer(815301076,1909f56bfc062723c751e8b465ee728b)
Start importing Assets/Prefabs/LandingPad.prefab using Guid(e595de7c0f805634fb5bf983cc3c89e8) Importer(815301076,1909f56bfc062723c751e8b465ee728b)  -> (artifact id: '16b9a4e9522c5df4a0f59be6e0db972d') in 1.268758 seconds 
  Import took 1.536507 seconds .

========================================================================
Received Import Request.
  Time since last request: 0.000859 seconds.
  path: Assets/Prefabs/LaunchPad.prefab
  artifactKey: Guid(a8ac2e5d678463b42b109ec07c6578ac) Importer(815301076,1909f56bfc062723c751e8b465ee728b)
Start importing Assets/Prefabs/LaunchPad.prefab using Guid(a8ac2e5d678463b42b109ec07c6578ac) Importer(815301076,1909f56bfc062723c751e8b465ee728b)  -> (artifact id: 'ad6a56ff2a2a2e7b91511d6f2fbe780a') in 0.050710 seconds 
  Import took 0.057886 seconds .

========================================================================
Received Prepare
Registering precompiled user dll's ...
Registered in 0.011958 seconds.
Begin MonoManager ReloadAssembly
Native extension for WindowsStandalone target not found
Native extension for WebGL target not found
Refreshing native plugins compatible for Editor in 0.76 ms, found 2 plugins.
Preloading 0 native plugins for Editor in 0.00 ms.
Mono: successfully reloaded assembly
- Completed reload, in  3.222 seconds
Domain Reload Profiling:
	ReloadAssembly (3245ms)
		BeginReloadAssembly (1279ms)
			ExecutionOrderSort (0ms)
			DisableScriptedObjects (151ms)
			BackupInstance (0ms)
			ReleaseScriptingObjects (2ms)
			CreateAndSetChildDomain (695ms)
		EndReloadAssembly (1795ms)
			LoadAssemblies (324ms)
			RebuildTransferFunctionScriptingTraits (0ms)
			SetupTypeCache (590ms)
			ReleaseScriptCaches (2ms)
			RebuildScriptCaches (63ms)
			SetupLoadedEditorAssemblies (687ms)
				LogAssemblyErrors (0ms)
				InitializePlatformSupportModulesInManaged (16ms)
				SetLoadedEditorAssemblies (3ms)
				RefreshPlugins (1ms)
				BeforeProcessingInitializeOnLoad (175ms)
				ProcessInitializeOnLoadAttributes (457ms)
				ProcessInitializeOnLoadMethodAttributes (20ms)
				AfterProcessingInitializeOnLoad (15ms)
				EditorAssembliesLoaded (1ms)
			ExecutionOrderSort2 (0ms)
			AwakeInstancesAfterBackupRestoration (33ms)
Platform modules already initialized, skipping
Refreshing native plugins compatible for Editor in 0.54 ms, found 2 plugins.
Preloading 0 native plugins for Editor in 0.00 ms.
Unloading 1458 Unused Serialized files (Serialized files now loaded: 0)
System memory in use before: 70.8 MB.
System memory in use after: 70.9 MB.

Unloading 13 unused Assets to reduce memory usage. Loaded Objects now: 1970.
Total: 6.083200 ms (FindLiveObjects: 0.146600 ms CreateObjectMapping: 0.038000 ms MarkObjects: 5.531700 ms  DeleteObjects: 0.365000 ms)

AssetImportParameters requested are different than current active one (requested -> active):
  custom:framework-win-MediaFoundation: 216162199b28c13a410421893ffa2e32 -> 
  custom:video-decoder-ogg-theora: a1e56fd34408186e4bbccfd4996cb3dc -> 
  custom:container-muxer-webm: aa71ff27fc2769a1b78a27578f13a17b -> 
  custom:container-demuxer-webm: 4f35f7cbe854078d1ac9338744f61a02 -> 
  custom:container-demuxer-ogg: 62fdf1f143b41e24485cea50d1cbac27 -> 
  custom:video-encoder-webm-vp8: eb34c28f22e8b96e1ab97ce403110664 -> 
  custom:video-codec-MediaFoundation-h265: 746d11721c4dcdbdad8f713fa42b33f4 -> 
  custom:video-decoder-webm-vp8: 9c59270c3fd7afecdb556c50c9e8de78 -> 
  custom:audio-decoder-ogg-vorbis: bf7c407c2cedff20999df2af8eb42d56 -> 
  custom:audio-encoder-webm-vorbis: bf7c407c2cedff20999df2af8eb42d56 -> 
========================================================================
Received Import Request.
  Time since last request: 1049.109419 seconds.
  path: Assets/Prefabs/Rocks.prefab
  artifactKey: Guid(0b9241ff9b033864695aec00276d1ceb) Importer(815301076,1909f56bfc062723c751e8b465ee728b)
Start importing Assets/Prefabs/Rocks.prefab using Guid(0b9241ff9b033864695aec00276d1ceb) Importer(815301076,1909f56bfc062723c751e8b465ee728b)  -> (artifact id: '208ec4c498077dbfb3d6493705da2a5e') in 0.190510 seconds 
  Import took 0.199837 seconds .

========================================================================
Received Import Request.
  Time since last request: 24.300686 seconds.
  path: Assets/Prefabs/Obstacle.prefab
  artifactKey: Guid(c332b476c1cd6ca4b8e451a7dcc3a04c) Importer(815301076,1909f56bfc062723c751e8b465ee728b)
Start importing Assets/Prefabs/Obstacle.prefab using Guid(c332b476c1cd6ca4b8e451a7dcc3a04c) Importer(815301076,1909f56bfc062723c751e8b465ee728b)  -> (artifact id: '478b69603577ddb09d8e9afb6d34fb72') in 0.060017 seconds 
  Import took 0.066009 seconds .

========================================================================
Received Import Request.
  Time since last request: 3.332788 seconds.
  path: Assets/Materials/SkyBox.mat
  artifactKey: Guid(1c34b743bbacf7442a12e55f53e62d94) Importer(815301076,1909f56bfc062723c751e8b465ee728b)
Start importing Assets/Materials/SkyBox.mat using Guid(1c34b743bbacf7442a12e55f53e62d94) Importer(815301076,1909f56bfc062723c751e8b465ee728b)  -> (artifact id: '428c33d4064b5d124675f479fdd18f33') in 0.134493 seconds 
  Import took 0.139817 seconds .

========================================================================
Received Import Request.
  Time since last request: 5.845305 seconds.
  path: Assets/Materials/Rocks_Mat.mat
  artifactKey: Guid(b8123bb094fb7f24f975a8f1ab4b9397) Importer(815301076,1909f56bfc062723c751e8b465ee728b)
Start importing Assets/Materials/Rocks_Mat.mat using Guid(b8123bb094fb7f24f975a8f1ab4b9397) Importer(815301076,1909f56bfc062723c751e8b465ee728b)  -> (artifact id: '85cd5dcf072ba9e96b1e5f23fc313a32') in 0.056807 seconds 
  Import took 0.063778 seconds .

========================================================================
Received Import Request.
  Time since last request: 7.200339 seconds.
  path: Assets/Materials/Obstacle_Mat.mat
  artifactKey: Guid(467b64aed69494346b67912b89451539) Importer(815301076,1909f56bfc062723c751e8b465ee728b)
Start importing Assets/Materials/Obstacle_Mat.mat using Guid(467b64aed69494346b67912b89451539) Importer(815301076,1909f56bfc062723c751e8b465ee728b)  -> (artifact id: '308dc460b486dd47ab7bce93d43fea88') in 0.033682 seconds 
  Import took 0.041885 seconds .

========================================================================
Received Import Request.
  Time since last request: 69.860491 seconds.
  path: Assets/Prefabs/Rocks2.prefab
  artifactKey: Guid(c332b476c1cd6ca4b8e451a7dcc3a04c) Importer(815301076,1909f56bfc062723c751e8b465ee728b)
Start importing Assets/Prefabs/Rocks2.prefab using Guid(c332b476c1cd6ca4b8e451a7dcc3a04c) Importer(815301076,1909f56bfc062723c751e8b465ee728b)  -> (artifact id: '183e5155c51e06a830fc2ccbf99549f3') in 0.036671 seconds 
  Import took 0.042060 seconds .

========================================================================
Received Import Request.
  Time since last request: 5.185291 seconds.
  path: Assets/Prefabs/Obstacle.prefab
  artifactKey: Guid(93f73a104d7d49347aa37f6a6c3f9e2c) Importer(815301076,1909f56bfc062723c751e8b465ee728b)
Start importing Assets/Prefabs/Obstacle.prefab using Guid(93f73a104d7d49347aa37f6a6c3f9e2c) Importer(815301076,1909f56bfc062723c751e8b465ee728b)  -> (artifact id: 'e72538581d437aacdce93851659d5e73') in 0.028945 seconds 
  Import took 0.034341 seconds .

AssetImportWorkerClient::OnTransportError - code=2 error=End of file
